Enter Configuration (1-4): Enter Customer file name: 

Heath 223 1 0
Tim 1 6 218
Judge 1 10 215
Colin 52 13 213
Rachel 1 17 261
Karen 1 22 257
Cate 1 23 257
Peter 45 26 255
Kevin 1 30 296
Angelina 1 35 292
David 1 38 290
Annette 1 43 286
Jackie 1 46 284
Will 21 50 281
Christopher 1 54 298
Robin 1 55 298
Diane 3 57 297
John 1 60 297
Liv 1 64 294
Forest 1 69 290
Harrison 3 71 289
Rene 1 74 289
Taylor 1 76 288
Mark 1 77 288
Dakota 3 79 287
Jessica 1 82 287
Noel 4 86 284
Chris 2 91 283
Joe 1 92 284
Michael 1 94 283
Mark 1 98 280
Jack 1 100 279
Jet 1 105 275
Scott 3 109 272
Patrick 1 113 271
Elizabeth 1 117 268
Tom 3 119 267
Leslie 1 123 266
Jack 1 128 262
Jennifer 1 130 261
Maia 1 135 257
Richard 125 140 253
Gene 1 142 376
Christina 1 143 376
Matt 1 148 372
Patrick 4 152 369
Chris 2 156 369
Kate 1 159 368
Audrey 1 161 367
Anne 3 164 365
Kirsten 1 169 363
Josh 2 172 361
Anne 8 176 359
Halle 1 180 363
John 1 183 361
John 1 188 357
Jeanne 1 190 356
Joey 1 191 356
Jeff 8 195 353
Elizabeth 1 200 356
Bruno 21 203 354
Jack 198 206 372
Zachary 89 210 566
Jessica 1 214 651
Sam 6 215 651
Alexandra 1 218 654
Natalie 9 219 654
Franka 1 222 660
Robby 1 224 659
David 1 227 657
Nicolas 1 229 656
Joshua 1 231 655
Hugh 1 234 653
Morgan 10 235 653
Cuba 3 240 658
Steve 1 242 659
Zoe 12 246 656
Paul 2 251 663
Danny 12 255 661
Rachel 1 256 672
Kate 3 258 671
Alfre 1 260 672
Christopher 85 261 672
Robert 1 266 752
Debra 1 271 748
Reese 11 276 744
Jake 21 281 750
Michelan 31 285 767
Christine 3 286 797
Katherine 1 291 795
Ron 2 294 793
Michael 1 297 792
Garry 1 302 788
Lynn 1 303 788
Jason 3 304 788
Dave 1 305 790
Heath 1 309 787
Jessica 1 310 787
Bill 1 315 783
Bridget 1 317 782
