Enter Configuration (1-4): Enter Customer file name: 

Tim 1 6 0
Judge 1 10 0
Rachel 1 17 0
Karen 1 22 0
Cate 1 23 0
Kevin 1 30 0
Angelina 1 35 0
David 1 38 0
Annette 1 43 0
Jackie 1 46 0
Colin 52 13 0
Christopher 1 54 11
Robin 1 55 11
Diane 3 57 10
John 1 60 10
Peter 45 26 0
Will 21 50 0
Liv 1 64 7
Forest 1 69 2
Harrison 3 71 0
Rene 1 74 0
Taylor 1 76 0
Mark 1 77 0
Dakota 3 79 0
Jessica 1 82 0
Noel 4 86 0
Chris 2 91 0
Joe 1 92 0
Michael 1 94 0
Mark 1 98 0
Jack 1 100 0
Jet 1 105 0
Scott 3 109 0
Patrick 1 113 0
Elizabeth 1 117 0
Tom 3 119 0
Leslie 1 123 0
Jack 1 128 0
Jennifer 1 130 0
Maia 1 135 0
Gene 1 142 0
Christina 1 143 0
Matt 1 148 0
Patrick 4 152 0
Chris 2 156 0
Kate 1 159 0
Audrey 1 161 0
Anne 3 164 0
Kirsten 1 169 0
Josh 2 172 0
Halle 1 180 0
Anne 8 176 0
John 1 183 0
John 1 188 0
Jeanne 1 190 0
Joey 1 191 0
Elizabeth 1 200 0
Jeff 8 195 0
Heath 223 1 0
Bruno 21 203 0
Jessica 1 214 10
Sam 6 215 10
Alexandra 1 218 13
Natalie 9 219 13
Franka 1 222 19
Robby 1 224 18
David 1 227 16
Nicolas 1 229 15
Joshua 1 231 14
Hugh 1 234 12
Morgan 10 235 12
Cuba 3 240 17
Steve 1 242 18
Richard 125 140 0
Paul 2 251 14
Zoe 12 246 15
Rachel 1 256 17
Kate 3 258 16
Alfre 1 260 17
Danny 12 255 12
Robert 1 266 13
Debra 1 271 9
Reese 11 276 5
Zachary 89 210 14
Jake 21 281 11
Christine 3 286 27
Katherine 1 291 25
Ron 2 294 23
Michael 1 297 22
Garry 1 302 18
Lynn 1 303 18
Jason 3 304 18
Dave 1 305 20
Heath 1 309 17
Jessica 1 310 17
Bill 1 315 13
Bridget 1 317 12
Michelan 31 285 28
Christopher 85 261 17
Jack 198 206 0
