Enter Configuration (1-4): Enter Customer file name: 

Heath 188 1 0
Tim 1 6 183
Judge 2 10 180
Colin 50 13 179
Rachel 1 17 225
Karen 3 22 221
Cate 1 23 223
Peter 44 26 221
Kevin 1 30 261
Angelina 3 35 257
David 3 38 257
Annette 2 43 255
Jackie 1 46 254
Will 24 50 251
Christopher 3 54 271
Robin 1 55 273
Diane 5 57 272
John 1 60 274
Liv 2 64 271
Forest 1 69 268
Harrison 6 71 267
Rene 1 74 270
Taylor 1 76 269
Mark 2 77 269
Dakota 5 79 269
Jessica 1 82 271
Noel 6 86 268
Chris 3 91 269
Joe 2 92 271
Michael 1 94 271
Mark 1 98 268
Jack 2 100 267
Jet 1 105 264
Scott 5 109 261
Patrick 1 113 262
Elizabeth 2 117 259
Tom 5 119 259
Leslie 2 123 260
Jack 1 128 257
Jennifer 1 130 256
Maia 1 135 252
Richard 109 140 248
Gene 1 142 355
Christina 1 143 355
Matt 1 148 351
Patrick 6 152 348
Chris 3 156 350
Kate 2 159 350
Audrey 3 161 350
Anne 5 164 350
Kirsten 2 169 350
Josh 5 172 349
Anne 12 176 350
Halle 1 180 358
John 2 183 356
John 1 188 353
Jeanne 2 190 352
Joey 2 191 353
Jeff 11 195 351
Elizabeth 1 200 357
Bruno 24 203 355
Jack 167 206 376
Zachary 80 210 539
Jessica 1 214 615
Sam 9 215 615
Alexandra 1 218 621
Natalie 12 219 621
Franka 3 222 630
Robby 2 224 631
David 2 227 630
Nicolas 2 229 630
Joshua 2 231 630
Hugh 1 234 629
Morgan 13 235 629
Cuba 6 240 637
Steve 2 242 641
Zoe 16 246 639
Paul 4 251 650
Danny 16 255 650
Rachel 2 256 665
Kate 6 258 665
Alfre 3 260 669
Christopher 77 261 671
Robert 3 266 743
Debra 1 271 741
Reese 15 276 737
Jake 24 281 747
Michelan 32 285 767
Christine 6 286 798
Katherine 1 291 799
Ron 3 294 797
Michael 1 297 797
Garry 1 302 793
Lynn 1 303 793
Jason 6 304 793
Dave 2 305 798
Heath 2 309 796
Jessica 1 310 797
Bill 1 315 793
Bridget 2 317 792
