Enter Configuration (1-4): Enter Customer file name: 

Tim 1 6 0
Judge 2 10 0
Rachel 1 17 0
Cate 1 23 0
Karen 3 22 0
Kevin 1 30 0
Angelina 3 35 0
David 3 38 0
Annette 2 43 0
Jackie 1 46 0
Robin 1 55 0
Christopher 3 54 0
John 1 60 0
Diane 5 57 0
Colin 50 13 0
Liv 2 64 0
Forest 1 69 0
Rene 1 74 0
Taylor 1 76 0
Mark 2 77 0
Jessica 1 82 0
Dakota 5 79 0
Will 24 50 13
Harrison 6 71 16
Chris 3 91 0
Joe 2 92 0
Michael 1 94 0
Mark 1 98 0
Jack 2 100 0
Jet 1 105 0
Scott 5 109 0
Patrick 1 113 0
Elizabeth 2 117 0
Tom 5 119 0
Leslie 2 123 0
Jack 1 128 0
Jennifer 1 130 0
Maia 1 135 0
Gene 1 142 0
Christina 1 143 0
Matt 1 148 0
Chris 3 156 0
Kate 2 159 0
Audrey 3 161 0
Anne 5 164 0
Kirsten 2 169 0
Josh 5 172 0
Halle 1 180 0
John 2 183 0
John 1 188 0
Heath 188 1 0
Jeanne 2 190 0
Joey 2 191 0
Elizabeth 1 200 0
Jessica 1 214 0
Alexandra 1 218 0
Franka 3 222 0
Robby 2 224 0
David 2 227 0
Nicolas 2 229 0
Joshua 2 231 0
Peter 44 26 163
Hugh 1 234 0
Noel 6 86 147
Steve 2 242 0
Richard 109 140 0
Jeff 11 195 44
Paul 4 251 0
Patrick 6 152 97
Rachel 2 256 0
Alfre 3 260 0
Anne 12 176 79
Robert 3 266 0
Debra 1 271 0
Bruno 24 203 47
Katherine 1 291 0
Ron 3 294 0
Michael 1 297 0
Garry 1 302 0
Lynn 1 303 0
Dave 2 305 0
Heath 2 309 0
Jessica 1 310 0
Bill 1 315 0
Bridget 2 317 0
Zachary 80 210 64
Natalie 12 219 135
Morgan 13 235 131
Cuba 6 240 139
Danny 16 255 130
Reese 15 276 125
Jack 167 206 61
Sam 9 215 219
Michelan 32 285 131
Jason 6 304 144
Zoe 16 246 197
Kate 6 258 201
Christopher 77 261 204
Jake 24 281 261
Christine 6 286 280
