Enter Configuration (1-4): Enter Customer file name: 

Tim 1 6 0
Judge 2 10 0
Rachel 1 17 0
Cate 1 23 0
Karen 3 22 0
Kevin 1 30 0
Angelina 3 35 0
David 3 38 0
Annette 2 43 0
Jackie 1 46 0
Colin 50 13 0
Christopher 3 54 9
Robin 1 55 11
Peter 44 26 0
John 1 60 10
Diane 5 57 10
Forest 1 69 3
Liv 2 64 7
Will 24 50 0
Rene 1 74 0
Taylor 1 76 0
Harrison 6 71 2
Mark 2 77 0
Jessica 1 82 0
Dakota 5 79 0
Noel 6 86 0
Joe 2 92 0
Chris 3 91 0
Michael 1 94 0
Mark 1 98 0
Jack 2 100 0
Jet 1 105 0
Scott 5 109 0
Patrick 1 113 0
Elizabeth 2 117 0
Tom 5 119 0
Leslie 2 123 0
Jack 1 128 0
Jennifer 1 130 0
Maia 1 135 0
Gene 1 142 0
Christina 1 143 0
Matt 1 148 0
Patrick 6 152 0
Chris 3 156 0
Kate 2 159 0
Audrey 3 161 0
Anne 5 164 0
Kirsten 2 169 0
Josh 5 172 0
Halle 1 180 0
John 2 183 0
Anne 12 176 0
Heath 188 1 0
John 1 188 0
Jeanne 2 190 0
Joey 2 191 0
Elizabeth 1 200 0
Jeff 11 195 0
Bruno 24 203 0
Jessica 1 214 13
Sam 9 215 13
Alexandra 1 218 19
Richard 109 140 0
Natalie 12 219 19
Franka 3 222 27
Robby 2 224 26
David 2 227 25
Nicolas 2 229 23
Hugh 1 234 20
Joshua 2 231 23
Cuba 6 240 16
Steve 2 242 20
Morgan 13 235 20
Paul 4 251 17
Zoe 16 246 18
Rachel 2 256 24
Kate 6 258 24
Danny 16 255 17
Zachary 80 210 0
Alfre 3 260 28
Debra 1 271 20
Robert 3 266 24
Reese 15 276 16
Jake 24 281 12
Christine 6 286 31
Katherine 1 291 32
Ron 3 294 30
Michael 1 297 30
Garry 1 302 26
Lynn 1 303 26
Jason 6 304 26
Dave 2 305 31
Michelan 32 285 22
Jessica 1 310 29
Heath 2 309 29
Bill 1 315 25
Bridget 2 317 23
Christopher 77 261 27
Jack 167 206 0
