Enter Configuration (1-4): Enter Customer file name: 

Heath 8 1 0
Colin 5 13 0
Tim 14 6 0
Rachel 4 17 0
Judge 11 10 0
Karen 1 22 0
Peter 8 26 0
Angelina 1 35 0
Cate 13 23 0
David 4 38 0
Kevin 8 30 6
Jackie 1 46 0
Annette 10 43 0
Will 20 50 0
Christopher 17 54 0
Jessica 2 82 0
Diane 13 57 14
Robin 18 55 15
Joe 5 92 0
John 11 60 28
Mark 3 98 0
Liv 20 64 20
Jet 2 105 0
Rene 14 74 30
Forest 20 69 30
Taylor 6 76 42
Harrison 8 71 48
Jack 4 128 0
Mark 9 77 50
Dakota 15 79 45
Chris 9 91 45
Noel 9 86 53
Michael 11 94 51
Jack 10 100 56
Scott 18 109 39
Kirsten 2 169 0
Patrick 9 113 53
Elizabeth 19 117 49
Leslie 6 123 62
Tom 16 119 56
Jennifer 6 130 61
Jeff 3 195 0
Bruno 1 203 0
Maia 16 135 56
Richard 10 140 57
Christina 6 143 64
Alexandra 3 218 0
Natalie 3 219 0
Patrick 9 152 61
Gene 18 142 65
Morgan 1 235 0
Matt 12 148 77
Audrey 17 161 61
Chris 6 156 81
Josh 12 172 67
Kate 13 159 84
Kate 4 258 0
Robert 1 266 0
Anne 18 176 75
Anne 19 164 92
John 15 183 86
Jake 4 281 0
Michelan 5 285 0
Halle 18 180 95
Katherine 4 291 0
Joey 16 191 93
John 10 188 105
Jason 4 304 0
Jeanne 6 190 113
Elizabeth 9 200 100
Dave 5 305 0
Bill 3 315 0
Jack 15 206 103
Zachary 16 210 99
Sam 7 215 109
Jessica 14 214 111
David 12 227 104
Franka 8 222 117
Nicolas 11 229 114
Robby 16 224 123
Hugh 17 234 120
Joshua 19 231 132
Steve 13 242 129
Cuba 16 240 142
Zoe 16 246 138
Rachel 6 256 144
Paul 15 251 147
Alfre 14 260 146
Danny 10 255 158
Reese 7 276 144
Ron 6 294 133
Christopher 19 261 162
Michael 13 297 136
Debra 7 271 171
Christine 11 286 163
Heath 16 309 137
Jessica 6 310 152
Garry 8 302 158
Lynn 17 303 165
Bridget 20 317 168
