Enter Configuration (1-4): Enter Customer file name: 

Heath 8 1 0
Tim 14 6 3
Judge 11 10 13
Colin 5 13 21
Rachel 4 17 22
Karen 1 22 21
Cate 13 23 21
Peter 8 26 31
Kevin 8 30 35
Angelina 1 35 38
David 4 38 36
Annette 10 43 35
Jackie 1 46 42
Will 20 50 39
Christopher 17 54 55
Robin 18 55 71
Diane 13 57 87
John 11 60 97
Liv 20 64 104
Forest 20 69 119
Harrison 8 71 137
Rene 14 74 142
Taylor 6 76 154
Mark 9 77 159
Dakota 15 79 166
Jessica 2 82 178
Noel 9 86 176
Chris 9 91 180
Joe 5 92 188
Michael 11 94 191
Mark 3 98 198
Jack 10 100 199
Jet 2 105 204
Scott 18 109 202
Patrick 9 113 216
Elizabeth 19 117 221
Tom 16 119 238
Leslie 6 123 250
Jack 4 128 251
Jennifer 6 130 253
Maia 16 135 254
Richard 10 140 265
Gene 18 142 273
Christina 6 143 290
Matt 12 148 291
Patrick 9 152 299
Chris 6 156 304
Kate 13 159 307
Audrey 17 161 318
Anne 19 164 332
Kirsten 2 169 346
Josh 12 172 345
Anne 18 176 353
Halle 18 180 367
John 15 183 382
John 10 188 392
Jeanne 6 190 400
Joey 16 191 405
Jeff 3 195 417
Elizabeth 9 200 415
Bruno 1 203 421
Jack 15 206 419
Zachary 16 210 430
Jessica 14 214 442
Sam 7 215 455
Alexandra 3 218 459
Natalie 3 219 461
Franka 8 222 461
Robby 16 224 467
David 12 227 480
Nicolas 11 229 490
Joshua 19 231 499
Hugh 17 234 515
Morgan 1 235 531
Cuba 16 240 527
Steve 13 242 541
Zoe 16 246 550
Paul 15 251 561
Danny 10 255 572
Rachel 6 256 581
Kate 4 258 585
Alfre 14 260 587
Christopher 19 261 600
Robert 1 266 614
Debra 7 271 610
Reese 7 276 612
Jake 4 281 614
Michelan 5 285 614
Christine 11 286 618
Katherine 4 291 624
Ron 6 294 625
Michael 13 297 628
Garry 8 302 636
Lynn 17 303 643
Jason 4 304 659
Dave 5 305 662
Heath 16 309 663
Jessica 6 310 678
Bill 3 315 679
Bridget 20 317 680
