Enter Configuration (1-4): Enter Customer file name: 

Heath 8 1 0
Colin 5 13 0
Tim 14 6 0
Judge 11 10 0
Rachel 4 17 0
Karen 1 22 0
Peter 8 26 0
Angelina 1 35 0
Cate 13 23 0
Kevin 8 30 0
David 4 38 0
Jackie 1 46 0
Annette 10 43 0
Will 20 50 0
Diane 13 57 0
Christopher 17 54 0
Robin 18 55 0
Harrison 8 71 0
John 11 60 11
Liv 20 64 6
Forest 20 69 4
Dakota 15 79 0
Rene 14 74 8
Taylor 6 76 14
Jessica 2 82 12
Mark 3 98 0
Mark 9 77 16
Noel 9 86 10
Chris 9 91 5
Jet 2 105 0
Joe 5 92 13
Michael 11 94 8
Jack 10 100 5
Patrick 9 113 0
Scott 18 109 0
Leslie 6 123 0
Jack 4 128 0
Tom 16 119 0
Jennifer 6 130 0
Elizabeth 19 117 0
Christina 6 143 0
Richard 10 140 0
Maia 16 135 0
Gene 18 142 0
Patrick 9 152 0
Matt 12 148 2
Chris 6 156 0
Kirsten 2 169 0
Kate 13 159 3
Audrey 17 161 0
Anne 19 164 0
Josh 12 172 0
Anne 18 176 0
Jeanne 6 190 0
Halle 18 180 0
John 10 188 0
Bruno 1 203 0
John 15 183 11
Elizabeth 9 200 0
Jeff 3 195 14
Joey 16 191 7
Jack 15 206 0
Sam 7 215 0
Natalie 3 219 3
Zachary 16 210 0
Jessica 14 214 0
Franka 8 222 0
Alexandra 3 218 10
David 12 227 0
Robby 16 224 1
Nicolas 11 229 2
Morgan 1 235 6
Joshua 19 231 0
Steve 13 242 0
Cuba 16 240 0
Hugh 17 234 8
Kate 4 258 0
Danny 10 255 0
Paul 15 251 0
Rachel 6 256 9
Robert 1 266 5
Zoe 16 246 13
Debra 7 271 0
Christopher 19 261 1
Reese 7 276 0
Jake 4 281 0
Alfre 14 260 15
Michelan 5 285 0
Katherine 4 291 0
Christine 11 286 0
Ron 6 294 0
Jason 4 304 0
Michael 13 297 0
Garry 8 302 0
Dave 5 305 5
Jessica 6 310 0
Bill 3 315 0
Lynn 17 303 0
Heath 16 309 0
Bridget 20 317 0
